<?xml version="1.0" encoding="UTF-8"?>
<testsuite name="nl.tudelft.sem.group06b.authentication.domain.user.RegistrationServiceTests" tests="2" skipped="0" failures="0" errors="0" timestamp="2022-12-02T18:00:51" hostname="Catalins-MacBook-Air.local" time="3.41">
  <properties/>
  <testcase name="createUser_withExistingUser_throwsException()" classname="nl.tudelft.sem.group06b.authentication.domain.user.RegistrationServiceTests" time="2.085"/>
  <testcase name="createUser_withValidData_worksCorrectly()" classname="nl.tudelft.sem.group06b.authentication.domain.user.RegistrationServiceTests" time="1.319"/>
  <system-out><![CDATA[2022-12-02 19:00:51.006  INFO 2416 --- [    Test worker] .b.t.c.SpringBootTestContextBootstrapper : Neither @ContextConfiguration nor @ContextHierarchy found for test class [nl.tudelft.sem.group06b.authentication.domain.user.RegistrationServiceTests], using SpringBootContextLoader
2022-12-02 19:00:51.007  INFO 2416 --- [    Test worker] o.s.t.c.support.AbstractContextLoader    : Could not detect default resource locations for test class [nl.tudelft.sem.group06b.authentication.domain.user.RegistrationServiceTests]: no resource found for suffixes {-context.xml, Context.groovy}.
2022-12-02 19:00:51.007  INFO 2416 --- [    Test worker] t.c.s.AnnotationConfigContextLoaderUtils : Could not detect default configuration classes for test class [nl.tudelft.sem.group06b.authentication.domain.user.RegistrationServiceTests]: RegistrationServiceTests does not declare any static, non-private, non-final, nested classes annotated with @Configuration.
2022-12-02 19:00:51.033  INFO 2416 --- [    Test worker] .b.t.c.SpringBootTestContextBootstrapper : Found @SpringBootConfiguration nl.tudelft.sem.group06b.authentication.AuthenticationApplication for test class nl.tudelft.sem.group06b.authentication.domain.user.RegistrationServiceTests
2022-12-02 19:00:51.037  INFO 2416 --- [    Test worker] .b.t.c.SpringBootTestContextBootstrapper : Loaded default TestExecutionListener class names from location [META-INF/spring.factories]: [org.springframework.boot.test.autoconfigure.restdocs.RestDocsTestExecutionListener, org.springframework.boot.test.autoconfigure.web.client.MockRestServiceServerResetTestExecutionListener, org.springframework.boot.test.autoconfigure.web.servlet.MockMvcPrintOnlyOnFailureTestExecutionListener, org.springframework.boot.test.autoconfigure.web.servlet.WebDriverTestExecutionListener, org.springframework.boot.test.autoconfigure.webservices.client.MockWebServiceServerTestExecutionListener, org.springframework.boot.test.mock.mockito.MockitoTestExecutionListener, org.springframework.boot.test.mock.mockito.ResetMocksTestExecutionListener, org.springframework.test.context.web.ServletTestExecutionListener, org.springframework.test.context.support.DirtiesContextBeforeModesTestExecutionListener, org.springframework.test.context.support.DependencyInjectionTestExecutionListener, org.springframework.test.context.support.DirtiesContextTestExecutionListener, org.springframework.test.context.transaction.TransactionalTestExecutionListener, org.springframework.test.context.jdbc.SqlScriptsTestExecutionListener, org.springframework.test.context.event.EventPublishingTestExecutionListener]
2022-12-02 19:00:51.037  INFO 2416 --- [    Test worker] .b.t.c.SpringBootTestContextBootstrapper : Using TestExecutionListeners: [org.springframework.test.context.web.ServletTestExecutionListener@6ea0dfaa, org.springframework.test.context.support.DirtiesContextBeforeModesTestExecutionListener@5852605c, org.springframework.boot.test.mock.mockito.MockitoTestExecutionListener@2acfd27b, org.springframework.boot.test.autoconfigure.SpringBootDependencyInjectionTestExecutionListener@5e8359da, org.springframework.test.context.support.DirtiesContextTestExecutionListener@36b6802f, org.springframework.test.context.transaction.TransactionalTestExecutionListener@7d2d5625, org.springframework.test.context.jdbc.SqlScriptsTestExecutionListener@29a51ff1, org.springframework.test.context.event.EventPublishingTestExecutionListener@6dacde96, org.springframework.boot.test.autoconfigure.restdocs.RestDocsTestExecutionListener@6f999cf4, org.springframework.boot.test.autoconfigure.web.client.MockRestServiceServerResetTestExecutionListener@7892635c, org.springframework.boot.test.autoconfigure.web.servlet.MockMvcPrintOnlyOnFailureTestExecutionListener@79c9a128, org.springframework.boot.test.autoconfigure.web.servlet.WebDriverTestExecutionListener@729a98e9, org.springframework.boot.test.autoconfigure.webservices.client.MockWebServiceServerTestExecutionListener@51c7d472, org.springframework.boot.test.mock.mockito.ResetMocksTestExecutionListener@3aa4d595]
2022-12-02 19:00:51.052  INFO 2416 --- [    Test worker] o.s.s.concurrent.ThreadPoolTaskExecutor  : Shutting down ExecutorService 'applicationTaskExecutor'
2022-12-02 19:00:51.053  INFO 2416 --- [    Test worker] j.LocalContainerEntityManagerFactoryBean : Closing JPA EntityManagerFactory for persistence unit 'default'
2022-12-02 19:00:51.053  INFO 2416 --- [    Test worker] .SchemaDropperImpl$DelayedDropActionImpl : HHH000477: Starting delayed evictData of schema as part of SessionFactory shut-down'

  .   ____          _            __ _ _
 /\\ / ___'_ __ _ _(_)_ __  __ _ \ \ \ \
( ( )\___ | '_ | '_| | '_ \/ _` | \ \ \ \
 \\/  ___)| |_)| | | | | || (_| |  ) ) ) )
  '  |____| .__|_| |_|_| |_\__, | / / / /
 =========|_|==============|___/=/_/_/_/
 :: Spring Boot ::        (v2.3.5.RELEASE)

2022-12-02 19:00:51.135  INFO 2416 --- [    Test worker] n.t.s.g.a.d.u.RegistrationServiceTests   : Starting RegistrationServiceTests on Catalins-MacBook-Air.local with PID 2416 (started by catalin in /Users/catalin/SEM06b/authentication-microservice)
2022-12-02 19:00:51.143  INFO 2416 --- [    Test worker] n.t.s.g.a.d.u.RegistrationServiceTests   : The following profiles are active: mockPasswordEncoder,test
2022-12-02 19:00:51.616  INFO 2416 --- [    Test worker] .s.d.r.c.RepositoryConfigurationDelegate : Bootstrapping Spring Data JPA repositories in DEFAULT mode.
2022-12-02 19:00:51.670  INFO 2416 --- [    Test worker] .s.d.r.c.RepositoryConfigurationDelegate : Finished Spring Data repository scanning in 45ms. Found 1 JPA repository interfaces.
2022-12-02 19:00:52.131  INFO 2416 --- [    Test worker] o.hibernate.jpa.internal.util.LogHelper  : HHH000204: Processing PersistenceUnitInfo [name: default]
2022-12-02 19:00:52.152  INFO 2416 --- [    Test worker] org.hibernate.dialect.Dialect            : HHH000400: Using dialect: org.hibernate.dialect.H2Dialect
2022-12-02 19:00:52.305  INFO 2416 --- [    Test worker] o.h.e.t.j.p.i.JtaPlatformInitiator       : HHH000490: Using JtaPlatform implementation: [org.hibernate.engine.transaction.jta.platform.internal.NoJtaPlatform]
2022-12-02 19:00:52.306  INFO 2416 --- [    Test worker] j.LocalContainerEntityManagerFactoryBean : Initialized JPA EntityManagerFactory for persistence unit 'default'
2022-12-02 19:00:52.452  WARN 2416 --- [    Test worker] JpaBaseConfiguration$JpaWebConfiguration : spring.jpa.open-in-view is enabled by default. Therefore, database queries may be performed during view rendering. Explicitly configure spring.jpa.open-in-view to disable this warning
2022-12-02 19:00:52.719  INFO 2416 --- [    Test worker] o.s.s.concurrent.ThreadPoolTaskExecutor  : Initializing ExecutorService 'applicationTaskExecutor'
2022-12-02 19:00:53.005  INFO 2416 --- [    Test worker] o.s.s.web.DefaultSecurityFilterChain     : Creating filter chain: any request, [org.springframework.security.web.context.request.async.WebAsyncManagerIntegrationFilter@28833fff, org.springframework.security.web.context.SecurityContextPersistenceFilter@441a2d52, org.springframework.security.web.header.HeaderWriterFilter@14bb16ee, org.springframework.security.web.authentication.logout.LogoutFilter@598f065f, org.springframework.security.web.savedrequest.RequestCacheAwareFilter@204b1903, org.springframework.security.web.servletapi.SecurityContextHolderAwareRequestFilter@6c8b6782, org.springframework.security.web.authentication.AnonymousAuthenticationFilter@1c1ee02b, org.springframework.security.web.session.SessionManagementFilter@5acf51d7, org.springframework.security.web.access.ExceptionTranslationFilter@3e3b41cb, org.springframework.security.web.access.intercept.FilterSecurityInterceptor@2d094add]
2022-12-02 19:00:53.061  INFO 2416 --- [    Test worker] n.t.s.g.a.d.u.RegistrationServiceTests   : Started RegistrationServiceTests in 2.001 seconds (JVM running for 19.324)
Account (SomeUser) was created.
2022-12-02 19:00:53.150  INFO 2416 --- [    Test worker] o.s.s.concurrent.ThreadPoolTaskExecutor  : Shutting down ExecutorService 'applicationTaskExecutor'
2022-12-02 19:00:53.152  INFO 2416 --- [    Test worker] j.LocalContainerEntityManagerFactoryBean : Closing JPA EntityManagerFactory for persistence unit 'default'
2022-12-02 19:00:53.153  INFO 2416 --- [    Test worker] .SchemaDropperImpl$DelayedDropActionImpl : HHH000477: Starting delayed evictData of schema as part of SessionFactory shut-down'

  .   ____          _            __ _ _
 /\\ / ___'_ __ _ _(_)_ __  __ _ \ \ \ \
( ( )\___ | '_ | '_| | '_ \/ _` | \ \ \ \
 \\/  ___)| |_)| | | | | || (_| |  ) ) ) )
  '  |____| .__|_| |_|_| |_\__, | / / / /
 =========|_|==============|___/=/_/_/_/
 :: Spring Boot ::        (v2.3.5.RELEASE)

2022-12-02 19:00:53.210  INFO 2416 --- [    Test worker] n.t.s.g.a.d.u.RegistrationServiceTests   : Starting RegistrationServiceTests on Catalins-MacBook-Air.local with PID 2416 (started by catalin in /Users/catalin/SEM06b/authentication-microservice)
2022-12-02 19:00:53.211  INFO 2416 --- [    Test worker] n.t.s.g.a.d.u.RegistrationServiceTests   : The following profiles are active: mockPasswordEncoder,test
2022-12-02 19:00:53.428  INFO 2416 --- [    Test worker] .s.d.r.c.RepositoryConfigurationDelegate : Bootstrapping Spring Data JPA repositories in DEFAULT mode.
2022-12-02 19:00:53.456  INFO 2416 --- [    Test worker] .s.d.r.c.RepositoryConfigurationDelegate : Finished Spring Data repository scanning in 27ms. Found 1 JPA repository interfaces.
2022-12-02 19:00:53.662  INFO 2416 --- [    Test worker] o.hibernate.jpa.internal.util.LogHelper  : HHH000204: Processing PersistenceUnitInfo [name: default]
2022-12-02 19:00:53.674  INFO 2416 --- [    Test worker] org.hibernate.dialect.Dialect            : HHH000400: Using dialect: org.hibernate.dialect.H2Dialect
2022-12-02 19:00:53.732  INFO 2416 --- [    Test worker] o.h.e.t.j.p.i.JtaPlatformInitiator       : HHH000490: Using JtaPlatform implementation: [org.hibernate.engine.transaction.jta.platform.internal.NoJtaPlatform]
2022-12-02 19:00:53.733  INFO 2416 --- [    Test worker] j.LocalContainerEntityManagerFactoryBean : Initialized JPA EntityManagerFactory for persistence unit 'default'
2022-12-02 19:00:53.844  WARN 2416 --- [    Test worker] JpaBaseConfiguration$JpaWebConfiguration : spring.jpa.open-in-view is enabled by default. Therefore, database queries may be performed during view rendering. Explicitly configure spring.jpa.open-in-view to disable this warning
2022-12-02 19:00:54.085  INFO 2416 --- [    Test worker] o.s.s.concurrent.ThreadPoolTaskExecutor  : Initializing ExecutorService 'applicationTaskExecutor'
2022-12-02 19:00:54.349  INFO 2416 --- [    Test worker] o.s.s.web.DefaultSecurityFilterChain     : Creating filter chain: any request, [org.springframework.security.web.context.request.async.WebAsyncManagerIntegrationFilter@77524169, org.springframework.security.web.context.SecurityContextPersistenceFilter@7d593bbc, org.springframework.security.web.header.HeaderWriterFilter@16716cc0, org.springframework.security.web.authentication.logout.LogoutFilter@4190b111, org.springframework.security.web.savedrequest.RequestCacheAwareFilter@788be73c, org.springframework.security.web.servletapi.SecurityContextHolderAwareRequestFilter@65018381, org.springframework.security.web.authentication.AnonymousAuthenticationFilter@74161ed7, org.springframework.security.web.session.SessionManagementFilter@1100363d, org.springframework.security.web.access.ExceptionTranslationFilter@12b2fcaf, org.springframework.security.web.access.intercept.FilterSecurityInterceptor@3979ff82]
2022-12-02 19:00:54.395  INFO 2416 --- [    Test worker] n.t.s.g.a.d.u.RegistrationServiceTests   : Started RegistrationServiceTests in 1.235 seconds (JVM running for 20.658)
Account (SomeUser) was created.
]]></system-out>
  <system-err><![CDATA[]]></system-err>
</testsuite>
